<?xml version="1.0" encoding="UTF-8"?>
<testng-results skipped="0" failed="0" ignored="0" total="1" passed="1">
  <reporter-output>
  </reporter-output>
  <suite name="example suite 1" duration-ms="5140" started-at="2018-05-24T13:12:34Z" finished-at="2018-05-24T13:12:40Z">
    <groups>
    </groups>
    <test name="Regression suite 1" duration-ms="5140" started-at="2018-05-24T13:12:34Z" finished-at="2018-05-24T13:12:40Z">
      <class name="pl.test.LogowanieTest">
        <test-method status="PASS" signature="set()[pri:0, instance:pl.test.LogowanieTest@617c74e5]" name="set" is-config="true" duration-ms="4900" started-at="2018-05-24T13:12:34Z" finished-at="2018-05-24T13:12:39Z">
          <reporter-output>
          </reporter-output>
        </test-method> <!-- set -->
        <test-method status="PASS" signature="logowanie()[pri:0, instance:pl.test.LogowanieTest@617c74e5]" name="logowanie" duration-ms="207" started-at="2018-05-24T13:12:39Z" finished-at="2018-05-24T13:12:40Z">
          <reporter-output>
          </reporter-output>
        </test-method> <!-- logowanie -->
      </class> <!-- pl.test.LogowanieTest -->
    </test> <!-- Regression suite 1 -->
  </suite> <!-- example suite 1 -->
</testng-results>
